<?xml version="1.0" encoding="UTF-8"?>
<!-- Generated by org.testng.reporters.JUnitReportReporter -->
<testsuite hostname="sailakshmi" failures="0" tests="1" name="com.Example.TestNG.AmazonTest" time="0.012" errors="0" timestamp="2023-09-27T18:29:22 IST" skipped="0">
  <testcase classname="com.Example.TestNG.AmazonTest" name="f" time="0.012"/>
  <system-out/>
</testsuite> <!-- com.Example.TestNG.AmazonTest -->
